2025-05-20 07:59:41.792 [main] INFO  db.sql.SqlClient - Initializing SQL client for: jdbc:sqlserver://localhost:1433;databaseName=TestDB
2025-05-20 07:59:41.800 [main] INFO  db.sql.HikariCPDataSource - Initializing HikariCP connection pool for: jdbc:sqlserver://localhost:1433;databaseName=TestDB
2025-05-20 07:59:41.844 [TestNG-test=Smoke Tests-1] INFO  db.sql.SqlClient - Initializing SQL client for: jdbc:sqlserver://localhost:1433;databaseName=TestDB
2025-05-20 07:59:41.844 [TestNG-test=Regression Tests-3] INFO  db.sql.SqlClient - Initializing SQL client for: jdbc:sqlserver://localhost:1433;databaseName=TestDB
2025-05-20 07:59:41.844 [TestNG-test=Regression Tests-2] INFO  db.sql.SqlClient - Initializing SQL client for: jdbc:sqlserver://localhost:1433;databaseName=TestDB
2025-05-20 07:59:41.844 [TestNG-test=Regression Tests-1] INFO  db.sql.SqlClient - Initializing SQL client for: jdbc:sqlserver://localhost:1433;databaseName=TestDB
2025-05-20 07:59:41.846 [TestNG-test=Smoke Tests-1] INFO  db.sql.HikariCPDataSource - Initializing HikariCP connection pool for: jdbc:sqlserver://localhost:1433;databaseName=TestDB
2025-05-20 07:59:41.847 [TestNG-test=Regression Tests-3] INFO  db.sql.HikariCPDataSource - Initializing HikariCP connection pool for: jdbc:sqlserver://localhost:1433;databaseName=TestDB
2025-05-20 07:59:41.847 [TestNG-test=Regression Tests-1] INFO  db.sql.HikariCPDataSource - Initializing HikariCP connection pool for: jdbc:sqlserver://localhost:1433;databaseName=TestDB
2025-05-20 07:59:41.847 [TestNG-test=Regression Tests-2] INFO  db.sql.HikariCPDataSource - Initializing HikariCP connection pool for: jdbc:sqlserver://localhost:1433;databaseName=TestDB
2025-05-20 07:59:41.853 [TestNG-test=Smoke Tests-2] INFO  db.sql.SqlClient - Initializing SQL client for: jdbc:sqlserver://localhost:1433;databaseName=TestDB
2025-05-20 07:59:41.855 [TestNG-test=Smoke Tests-2] INFO  db.sql.HikariCPDataSource - Initializing HikariCP connection pool for: jdbc:sqlserver://localhost:1433;databaseName=TestDB
2025-05-20 07:59:41.866 [TestNG-tests-1] INFO  db.sql.SqlClient - Initializing SQL client for: jdbc:sqlserver://localhost:1433;databaseName=TestDB
2025-05-20 07:59:41.866 [TestNG-tests-1] INFO  db.sql.HikariCPDataSource - Initializing HikariCP connection pool for: jdbc:sqlserver://localhost:1433;databaseName=TestDB
2025-05-20 07:59:55.999 [main] INFO  db.sql.SqlClient - Initializing SQL client for: jdbc:sqlserver://localhost:1433;databaseName=TestDB
2025-05-20 07:59:56.000 [main] INFO  db.sql.HikariCPDataSource - Initializing HikariCP connection pool for: jdbc:sqlserver://localhost:1433;databaseName=TestDB
2025-05-20 08:00:13.269 [TestNG-tests-1] INFO  db.sql.SqlClient - Initializing SQL client for: jdbc:sqlserver://localhost:1433;databaseName=TestDB
2025-05-20 08:00:13.269 [TestNG-tests-1] INFO  db.sql.HikariCPDataSource - Initializing HikariCP connection pool for: jdbc:sqlserver://localhost:1433;databaseName=TestDB
2025-05-20 08:00:27.050 [main] INFO  db.sql.SqlClient - Initializing SQL client for: jdbc:sqlserver://localhost:1433;databaseName=TestDB
2025-05-20 08:00:27.050 [main] INFO  db.sql.HikariCPDataSource - Initializing HikariCP connection pool for: jdbc:sqlserver://localhost:1433;databaseName=TestDB
2025-05-20 08:00:43.818 [TestNG-tests-1] INFO  db.sql.SqlClient - Initializing SQL client for: jdbc:sqlserver://localhost:1433;databaseName=TestDB
2025-05-20 08:00:43.818 [TestNG-tests-1] INFO  db.sql.HikariCPDataSource - Initializing HikariCP connection pool for: jdbc:sqlserver://localhost:1433;databaseName=TestDB
2025-05-20 08:00:57.600 [main] INFO  db.sql.SqlClient - Initializing SQL client for: jdbc:sqlserver://localhost:1433;databaseName=TestDB
2025-05-20 08:00:57.600 [main] INFO  db.sql.HikariCPDataSource - Initializing HikariCP connection pool for: jdbc:sqlserver://localhost:1433;databaseName=TestDB
2025-05-20 08:01:14.360 [TestNG-tests-1] INFO  db.sql.SqlClient - Initializing SQL client for: jdbc:sqlserver://localhost:1433;databaseName=TestDB
2025-05-20 08:01:14.361 [TestNG-tests-1] INFO  db.sql.HikariCPDataSource - Initializing HikariCP connection pool for: jdbc:sqlserver://localhost:1433;databaseName=TestDB
2025-05-20 08:01:28.145 [main] INFO  db.sql.SqlClient - Initializing SQL client for: jdbc:sqlserver://localhost:1433;databaseName=TestDB
2025-05-20 08:01:28.145 [main] INFO  db.sql.HikariCPDataSource - Initializing HikariCP connection pool for: jdbc:sqlserver://localhost:1433;databaseName=TestDB
2025-05-20 08:01:44.895 [TestNG-tests-1] INFO  db.sql.SqlClient - Initializing SQL client for: jdbc:sqlserver://localhost:1433;databaseName=TestDB
2025-05-20 08:01:44.896 [TestNG-tests-1] INFO  db.sql.HikariCPDataSource - Initializing HikariCP connection pool for: jdbc:sqlserver://localhost:1433;databaseName=TestDB
2025-05-20 08:01:58.690 [main] INFO  db.sql.SqlClient - Initializing SQL client for: jdbc:sqlserver://localhost:1433;databaseName=TestDB
2025-05-20 08:01:58.690 [main] INFO  db.sql.HikariCPDataSource - Initializing HikariCP connection pool for: jdbc:sqlserver://localhost:1433;databaseName=TestDB
2025-05-20 08:58:18.781 [main] INFO  db.sql.SqlClient - Initializing SQL client for: jdbc:sqlserver://localhost:1433;databaseName=TestDB
2025-05-20 08:58:18.783 [main] INFO  db.sql.HikariCPDataSource - Initializing HikariCP connection pool for: jdbc:sqlserver://localhost:1433;databaseName=TestDB
2025-05-20 08:58:51.610 [main] INFO  db.sql.SqlClient - Initializing SQL client for: jdbc:sqlserver://localhost:1433;databaseName=TestDB
2025-05-20 08:58:51.610 [main] INFO  db.sql.HikariCPDataSource - Initializing HikariCP connection pool for: jdbc:sqlserver://localhost:1433;databaseName=TestDB
